# Production Build Output
**Date:** 10/18/2025  
**Build Tool:** Vite v5.0.0  
**Build Time:** 36.77 seconds

## Build Summary

### Build Commands
```
npm run build
> vite build --sourcemap
```

### Build Statistics
- **Modules Transformed:** 2558
- **Total Build Time:** 36.77 seconds
- **Build Success:** ✅ Yes

### Output Files
```
build/index.html                   1.11 kB │ gzip: 0.59 kB
build/assets/index-B29l4UU9.css   48.28 kB │ gzip: 8.34 kB
build/assets/render_resend-BIHI7g3E.js     0.08 kB │ gzip: 0.10 kB │ map: 0.22 kB
build/assets/index-JF3rJLmh.js   3,163.57 kB │ gzip: 36.11 kB │ map: 6,208.79 kB
```

### Build Warnings
```
(!) Some chunks are larger than 2000 kB after minification. Consider:
- Using dynamic import() to code-split the application
- Use build.rollupOptions.output.manualChunks to improve chunking: https://rollupjs.org/configuration-options/#output-manualchunks
- Adjust chunk size limit for this warning via build.chunkSizeWarningLimit.
```

## Build Process Details

### Transformation Phases
1. **HTML Transformation:** index.html
2. **Entry Points:** src/index.jsx, src/styles/index.css
3. **Dependencies:** React, React DOM, Supabase, Recharts, Lucide React
4. **Application Code:** Pages, components, services
5. **Chunk Rendering & Optimization**

### Key Observations
- **Large Main Bundle:** 3.16 MB (index-JF3rJLmh.js)
- **CSS Bundle:** 48.28 KB
- **Source Maps:** Enabled (6.21 MB)
- **Gzip Compression:** Effective (36.11 KB from 3.16 MB)

### Performance Metrics
- **Compression Ratio:** ~91% reduction with gzip
- **Chunk Warning:** Main bundle exceeds 2MB threshold
- **Build Efficiency:** 2558 modules processed in 36.77s

## Build Configuration
- **Framework:** Vite + React
- **Source Maps:** Enabled
- **Minification:** Enabled
- **Gzip:** Enabled
- **Chunk Size Warning:** 2000 kB threshold

## Next Steps
- Address large chunk size warning
- Implement code splitting
- Optimize bundle size
- Consider lazy loading for routes

**Generated by:** Production Build Pipeline
**Confidentiality:** Internal development document
